{
  "RSpec": {
    "coverage": {
      "/Users/stephenzinder/Desktop/crab_parade/spec/features/product_spec.rb": [
        1,
        null,
        null,
        1,
        1,
        2,
        2,
        2,
        2,
        2,
        null,
        null,
        1,
        1,
        1,
        1,
        1,
        1,
        1,
        null,
        null,
        null,
        null,
        null,
        null,
        null,
        null,
        1,
        1,
        1,
        1,
        null,
        null,
        null
      ],
      "/Users/stephenzinder/Desktop/crab_parade/spec/rails_helper.rb": [
        null,
        1,
        1,
        null,
        1,
        1,
        1,
        1,
        1,
        null,
        null,
        null,
        null,
        null,
        null,
        null,
        null,
        null,
        null,
        null,
        null,
        null,
        null,
        null,
        null,
        null,
        null,
        null,
        null,
        1,
        null,
        1,
        null,
        1,
        null,
        null,
        null,
        null,
        1,
        null,
        null,
        null,
        null,
        null,
        null,
        null,
        null,
        null,
        null,
        null,
        null,
        null,
        null,
        1,
        null,
        null,
        1,
        null,
        null,
        null,
        null,
        1,
        1,
        1,
        1,
        null,
        null
      ],
      "/Users/stephenzinder/Desktop/crab_parade/config/environment.rb": [
        null,
        1,
        null,
        null,
        1
      ],
      "/Users/stephenzinder/Desktop/crab_parade/config/application.rb": [
        1,
        null,
        1,
        null,
        1,
        1,
        1,
        1,
        1,
        1,
        1,
        1,
        null,
        null,
        null,
        null,
        1,
        null,
        1,
        1,
        null,
        null,
        null,
        null,
        null
      ],
      "/Users/stephenzinder/Desktop/crab_parade/config/boot.rb": [
        1,
        null,
        1
      ],
      "/Users/stephenzinder/Desktop/crab_parade/config/environments/test.rb": [
        1,
        null,
        null,
        null,
        null,
        null,
        null,
        1,
        null,
        null,
        null,
        null,
        1,
        null,
        null,
        1,
        1,
        null,
        null,
        null,
        null,
        1,
        1,
        null,
        null,
        1,
        null,
        null,
        1,
        1,
        null,
        null,
        null,
        null,
        1,
        null,
        null,
        1,
        null,
        null,
        null,
        null
      ],
      "/Users/stephenzinder/Desktop/crab_parade/config/initializers/application_controller_renderer.rb": [
        null,
        null,
        null,
        null,
        null,
        null
      ],
      "/Users/stephenzinder/Desktop/crab_parade/config/initializers/assets.rb": [
        null,
        null,
        null,
        1,
        null,
        null,
        null,
        null,
        null,
        null,
        null
      ],
      "/Users/stephenzinder/Desktop/crab_parade/config/initializers/backtrace_silencers.rb": [
        null,
        null,
        null,
        null,
        null,
        null,
        null
      ],
      "/Users/stephenzinder/Desktop/crab_parade/config/initializers/cookies_serializer.rb": [
        null,
        null,
        null,
        null,
        1
      ],
      "/Users/stephenzinder/Desktop/crab_parade/config/initializers/devise.rb": [
        null,
        null,
        1,
        null,
        null,
        null,
        null,
        null,
        null,
        null,
        null,
        null,
        null,
        null,
        1,
        null,
        null,
        null,
        null,
        null,
        null,
        null,
        null,
        null,
        null,
        null,
        1,
        null,
        null,
        null,
        null,
        null,
        null,
        null,
        null,
        null,
        null,
        null,
        null,
        null,
        null,
        null,
        null,
        null,
        null,
        null,
        null,
        null,
        1,
        null,
        null,
        null,
        null,
        1,
        null,
        null,
        null,
        null,
        null,
        null,
        null,
        null,
        null,
        null,
        null,
        null,
        null,
        null,
        null,
        null,
        null,
        null,
        null,
        null,
        null,
        null,
        null,
        null,
        null,
        null,
        null,
        null,
        null,
        null,
        1,
        null,
        null,
        null,
        null,
        null,
        null,
        null,
        null,
        null,
        null,
        null,
        null,
        null,
        null,
        null,
        null,
        null,
        null,
        null,
        null,
        null,
        null,
        1,
        null,
        null,
        null,
        null,
        null,
        null,
        null,
        null,
        null,
        null,
        null,
        null,
        null,
        null,
        null,
        null,
        null,
        null,
        null,
        null,
        null,
        null,
        null,
        null,
        null,
        null,
        null,
        1,
        null,
        null,
        null,
        null,
        null,
        null,
        null,
        null,
        null,
        1,
        null,
        null,
        null,
        null,
        null,
        null,
        null,
        null,
        null,
        null,
        1,
        null,
        null,
        null,
        null,
        1,
        null,
        null,
        null,
        null,
        null,
        null,
        null,
        null,
        null,
        null,
        null,
        null,
        null,
        null,
        null,
        null,
        null,
        null,
        null,
        null,
        null,
        null,
        null,
        null,
        null,
        null,
        null,
        null,
        null,
        null,
        null,
        null,
        null,
        null,
        null,
        null,
        null,
        null,
        null,
        null,
        1,
        null,
        null,
        null,
        null,
        null,
        null,
        null,
        null,
        null,
        null,
        null,
        null,
        null,
        null,
        null,
        null,
        null,
        null,
        null,
        1,
        null,
        null,
        null,
        null,
        null,
        null,
        null,
        null,
        null,
        null,
        null,
        null,
        null,
        null,
        null,
        null,
        null,
        null,
        null,
        null,
        null,
        1,
        null,
        null,
        null,
        null,
        null,
        null,
        null,
        null,
        null,
        null,
        null,
        null,
        null,
        null,
        null,
        null,
        null,
        null,
        null,
        null,
        null,
        null,
        null,
        null,
        null,
        null,
        null,
        null,
        null
      ],
      "/Users/stephenzinder/Desktop/crab_parade/config/initializers/filter_parameter_logging.rb": [
        null,
        null,
        null,
        1
      ],
      "/Users/stephenzinder/Desktop/crab_parade/config/initializers/inflections.rb": [
        null,
        null,
        null,
        null,
        null,
        null,
        null,
        null,
        null,
        null,
        null,
        null,
        null,
        null,
        null,
        null
      ],
      "/Users/stephenzinder/Desktop/crab_parade/config/initializers/mime_types.rb": [
        null,
        null,
        null,
        null
      ],
      "/Users/stephenzinder/Desktop/crab_parade/config/initializers/new_framework_defaults.rb": [
        null,
        null,
        null,
        null,
        null,
        null,
        null,
        1,
        null,
        null,
        1,
        null,
        null,
        null,
        1,
        null,
        null,
        1,
        null,
        null,
        1,
        null,
        null,
        1
      ],
      "/Users/stephenzinder/Desktop/crab_parade/config/initializers/session_store.rb": [
        null,
        null,
        1
      ],
      "/Users/stephenzinder/Desktop/crab_parade/config/initializers/wrap_parameters.rb": [
        null,
        null,
        null,
        null,
        null,
        null,
        1,
        2,
        null,
        null,
        null,
        null,
        null,
        null
      ],
      "/Users/stephenzinder/Desktop/crab_parade/config/routes.rb": [
        1,
        1,
        1,
        null,
        1,
        1,
        null,
        1,
        null
      ],
      "/Users/stephenzinder/Desktop/crab_parade/app/models/user.rb": [
        1,
        1,
        1,
        1,
        null,
        null
      ],
      "/Users/stephenzinder/Desktop/crab_parade/app/models/application_record.rb": [
        1,
        1,
        null
      ],
      "/Users/stephenzinder/Desktop/crab_parade/app/controllers/application_controller.rb": [
        1,
        1,
        null,
        1,
        null,
        1,
        13,
        null,
        null
      ],
      "/Users/stephenzinder/Desktop/crab_parade/app/helpers/application_helper.rb": [
        1,
        null
      ],
      "/Users/stephenzinder/Desktop/crab_parade/app/channels/application_cable/channel.rb": [
        1,
        1,
        null,
        null
      ],
      "/Users/stephenzinder/Desktop/crab_parade/app/channels/application_cable/connection.rb": [
        1,
        1,
        null,
        null
      ],
      "/Users/stephenzinder/Desktop/crab_parade/app/controllers/concerns/landing_controller.rb": [
        1,
        1,
        null,
        null,
        null,
        null
      ],
      "/Users/stephenzinder/Desktop/crab_parade/app/controllers/products_controller.rb": [
        1,
        null,
        1,
        1,
        null,
        1,
        2,
        2,
        2,
        null,
        1,
        2,
        null,
        1,
        null,
        2,
        2,
        1,
        null,
        1,
        null,
        null,
        null,
        1,
        0,
        null,
        null,
        1,
        0,
        0,
        0,
        0,
        null,
        0,
        null,
        null,
        1,
        0,
        0,
        0,
        null,
        1,
        null,
        1,
        2,
        null,
        null
      ],
      "/Users/stephenzinder/Desktop/crab_parade/app/controllers/reviews_controller.rb": [
        1,
        1,
        0,
        0,
        null,
        1,
        1,
        1,
        1,
        1,
        null,
        1,
        1,
        null,
        0,
        null,
        null,
        1,
        1,
        1,
        null,
        null
      ],
      "/Users/stephenzinder/Desktop/crab_parade/app/controllers/users/confirmations_controller.rb": [
        1,
        null,
        null,
        null,
        null,
        null,
        null,
        null,
        null,
        null,
        null,
        null,
        null,
        null,
        null,
        null,
        null,
        null,
        null,
        null,
        null,
        null,
        null,
        null,
        null,
        null,
        null,
        null
      ],
      "/Users/stephenzinder/Desktop/crab_parade/app/controllers/users/omniauth_callbacks_controller.rb": [
        1,
        null,
        null,
        null,
        null,
        null,
        null,
        null,
        null,
        null,
        null,
        null,
        null,
        null,
        null,
        null,
        null,
        null,
        null,
        null,
        null,
        null,
        null,
        null,
        null,
        null,
        null,
        null
      ],
      "/Users/stephenzinder/Desktop/crab_parade/app/controllers/users/passwords_controller.rb": [
        1,
        null,
        null,
        null,
        null,
        null,
        null,
        null,
        null,
        null,
        null,
        null,
        null,
        null,
        null,
        null,
        null,
        null,
        null,
        null,
        null,
        null,
        null,
        null,
        null,
        null,
        null,
        null,
        null,
        null,
        null,
        null
      ],
      "/Users/stephenzinder/Desktop/crab_parade/app/controllers/users/registrations_controller.rb": [
        1,
        null,
        null,
        null,
        null,
        null,
        null,
        null,
        null,
        null,
        null,
        null,
        null,
        null,
        null,
        null,
        null,
        null,
        null,
        null,
        null,
        null,
        null,
        null,
        null,
        null,
        null,
        null,
        null,
        null,
        null,
        null,
        null,
        null,
        null,
        null,
        null,
        null,
        null,
        null,
        null,
        null,
        null,
        null,
        null,
        null,
        null,
        null,
        null,
        null,
        null,
        null,
        null,
        null,
        null,
        null,
        null,
        null,
        null,
        null
      ],
      "/Users/stephenzinder/Desktop/crab_parade/app/controllers/users/sessions_controller.rb": [
        1,
        null,
        null,
        null,
        null,
        null,
        null,
        null,
        null,
        null,
        null,
        null,
        null,
        null,
        null,
        null,
        null,
        null,
        null,
        null,
        null,
        null,
        null,
        null,
        null
      ],
      "/Users/stephenzinder/Desktop/crab_parade/app/controllers/users/unlocks_controller.rb": [
        1,
        null,
        null,
        null,
        null,
        null,
        null,
        null,
        null,
        null,
        null,
        null,
        null,
        null,
        null,
        null,
        null,
        null,
        null,
        null,
        null,
        null,
        null,
        null,
        null,
        null,
        null,
        null
      ],
      "/Users/stephenzinder/Desktop/crab_parade/app/controllers/users_controller.rb": [
        1,
        1,
        0,
        null,
        1,
        0,
        null,
        0,
        0,
        0,
        null,
        0,
        null,
        null,
        1,
        1,
        0,
        null,
        null
      ],
      "/Users/stephenzinder/Desktop/crab_parade/app/jobs/application_job.rb": [
        1,
        null
      ],
      "/Users/stephenzinder/Desktop/crab_parade/app/mailers/application_mailer.rb": [
        1,
        1,
        1,
        null
      ],
      "/Users/stephenzinder/Desktop/crab_parade/app/models/product.rb": [
        1,
        1,
        1,
        1,
        null,
        1,
        null
      ],
      "/Users/stephenzinder/Desktop/crab_parade/app/models/review.rb": [
        1,
        1,
        1,
        1,
        1,
        null
      ],
      "/Users/stephenzinder/Desktop/crab_parade/spec/support/factory_girl.rb": [
        1,
        1,
        null,
        null,
        null,
        1,
        1,
        null,
        1,
        1,
        null,
        null
      ],
      "/Users/stephenzinder/Desktop/crab_parade/spec/features/review_spec.rb": [
        1,
        null,
        null,
        1,
        1,
        1,
        1,
        1,
        1,
        1,
        1,
        null,
        1,
        1,
        1,
        1,
        1,
        1,
        null,
        null
      ],
      "/Users/stephenzinder/Desktop/crab_parade/spec/features/user_spec.rb": [
        1,
        null,
        1,
        null,
        1,
        1,
        1,
        1,
        1,
        1,
        1,
        null,
        1,
        1,
        1,
        1,
        1,
        1,
        1,
        null,
        1,
        1,
        1,
        1,
        1,
        1,
        null,
        null
      ],
      "/Users/stephenzinder/Desktop/crab_parade/spec/models/product_spec.rb": [
        1,
        null,
        1,
        2,
        2,
        2,
        2,
        null
      ],
      "/Users/stephenzinder/Desktop/crab_parade/spec/models/review_spec.rb": [
        1,
        null,
        1,
        2,
        2,
        2,
        null
      ],
      "/Users/stephenzinder/Desktop/crab_parade/spec/models/user_spec.rb": [
        null,
        1,
        null,
        1,
        2,
        2,
        2,
        null
      ],
      "/Users/stephenzinder/Desktop/crab_parade/spec/factories/product.rb": [
        1,
        1,
        1,
        1,
        1,
        null,
        null
      ],
      "/Users/stephenzinder/Desktop/crab_parade/spec/factories/review.rb": [
        1,
        1,
        1,
        1,
        1,
        null,
        null
      ],
      "/Users/stephenzinder/Desktop/crab_parade/spec/factories/user.rb": [
        null,
        1,
        1,
        1,
        1,
        1,
        null,
        null,
        null,
        null,
        null,
        null
      ]
    },
    "timestamp": 1487375721
  }
}
